{"/home/josec07/Free/light-post/backend-express/src/server.ts": {"path":"/home/josec07/Free/light-post/backend-express/src/server.ts","statementMap":{"0":{"start":{"line":1,"column":0},"end":{"line":1,"column":30}},"1":{"start":{"line":2,"column":0},"end":{"line":2,"column":24}},"2":{"start":{"line":3,"column":0},"end":{"line":3,"column":28}},"3":{"start":{"line":5,"column":0},"end":{"line":5,"column":57}},"4":{"start":{"line":6,"column":0},"end":{"line":6,"column":45}},"5":{"start":{"line":7,"column":0},"end":{"line":7,"column":53}},"6":{"start":{"line":9,"column":0},"end":{"line":9,"column":16}},"7":{"start":{"line":11,"column":12},"end":{"line":11,"column":21}},"8":{"start":{"line":12,"column":13},"end":{"line":12,"column":37}},"9":{"start":{"line":15,"column":0},"end":{"line":15,"column":16}},"10":{"start":{"line":16,"column":0},"end":{"line":16,"column":24}},"11":{"start":{"line":19,"column":0},"end":{"line":19,"column":34}},"12":{"start":{"line":20,"column":0},"end":{"line":20,"column":43}},"13":{"start":{"line":23,"column":0},"end":{"line":25,"column":3}},"14":{"start":{"line":24,"column":2},"end":{"line":24,"column":29}},"15":{"start":{"line":28,"column":0},"end":{"line":28,"column":22}},"16":{"start":{"line":30,"column":0},"end":{"line":32,"column":3}},"17":{"start":{"line":31,"column":2},"end":{"line":31,"column":48}},"18":{"start":{"line":34,"column":0},"end":{"line":34,"column":19}}},"fnMap":{"0":{"name":"(anonymous_1)","decl":{"start":{"line":23,"column":19},"end":{"line":23,"column":20}},"loc":{"start":{"line":23,"column":51},"end":{"line":25,"column":1}}},"1":{"name":"(anonymous_2)","decl":{"start":{"line":30,"column":17},"end":{"line":30,"column":20}},"loc":{"start":{"line":30,"column":22},"end":{"line":32,"column":1}}}},"branchMap":{"0":{"loc":{"start":{"line":12,"column":13},"end":{"line":12,"column":37}},"type":"binary-expr","locations":[{"start":{"line":12,"column":13},"end":{"line":12,"column":29}},{"start":{"line":12,"column":33},"end":{"line":12,"column":37}}]}},"s":{"0":1,"1":1,"2":1,"3":1,"4":1,"5":1,"6":1,"7":1,"8":1,"9":1,"10":1,"11":1,"12":1,"13":1,"14":0,"15":1,"16":1,"17":0,"18":1},"f":{"0":0,"1":0},"b":{"0":[1,0]}}
,"/home/josec07/Free/light-post/backend-express/src/config/database.ts": {"path":"/home/josec07/Free/light-post/backend-express/src/config/database.ts","statementMap":{"0":{"start":{"line":1,"column":0},"end":{"line":1,"column":26}},"1":{"start":{"line":2,"column":0},"end":{"line":2,"column":28}},"2":{"start":{"line":4,"column":0},"end":{"line":4,"column":16}},"3":{"start":{"line":6,"column":13},"end":{"line":8,"column":2}},"4":{"start":{"line":10,"column":0},"end":{"line":10,"column":20}}},"fnMap":{},"branchMap":{},"s":{"0":1,"1":1,"2":1,"3":1,"4":1},"f":{},"b":{}}
,"/home/josec07/Free/light-post/backend-express/src/controllers/categoryController.ts": {"path":"/home/josec07/Free/light-post/backend-express/src/controllers/categoryController.ts","statementMap":{"0":{"start":{"line":2,"column":0},"end":{"line":2,"column":60}},"1":{"start":{"line":4,"column":13},"end":{"line":49,"column":null}},"2":{"start":{"line":6,"column":4},"end":{"line":11,"column":5}},"3":{"start":{"line":7,"column":25},"end":{"line":7,"column":54}},"4":{"start":{"line":8,"column":6},"end":{"line":8,"column":null}},"5":{"start":{"line":10,"column":6},"end":{"line":10,"column":null}},"6":{"start":{"line":15,"column":4},"end":{"line":20,"column":5}},"7":{"start":{"line":16,"column":23},"end":{"line":16,"column":64}},"8":{"start":{"line":17,"column":6},"end":{"line":17,"column":null}},"9":{"start":{"line":19,"column":6},"end":{"line":19,"column":null}},"10":{"start":{"line":24,"column":4},"end":{"line":29,"column":5}},"11":{"start":{"line":25,"column":23},"end":{"line":25,"column":66}},"12":{"start":{"line":26,"column":6},"end":{"line":26,"column":null}},"13":{"start":{"line":28,"column":6},"end":{"line":28,"column":null}},"14":{"start":{"line":33,"column":4},"end":{"line":38,"column":5}},"15":{"start":{"line":34,"column":23},"end":{"line":34,"column":79}},"16":{"start":{"line":35,"column":6},"end":{"line":35,"column":null}},"17":{"start":{"line":37,"column":6},"end":{"line":37,"column":null}},"18":{"start":{"line":42,"column":4},"end":{"line":47,"column":5}},"19":{"start":{"line":43,"column":6},"end":{"line":43,"column":null}},"20":{"start":{"line":44,"column":6},"end":{"line":44,"column":null}},"21":{"start":{"line":46,"column":6},"end":{"line":46,"column":null}}},"fnMap":{"0":{"name":"(anonymous_0)","decl":{"start":{"line":5,"column":2},"end":{"line":5,"column":7}},"loc":{"start":{"line":5,"column":52},"end":{"line":12,"column":3}}},"1":{"name":"(anonymous_1)","decl":{"start":{"line":14,"column":2},"end":{"line":14,"column":7}},"loc":{"start":{"line":14,"column":50},"end":{"line":21,"column":3}}},"2":{"name":"(anonymous_2)","decl":{"start":{"line":23,"column":2},"end":{"line":23,"column":7}},"loc":{"start":{"line":23,"column":51},"end":{"line":30,"column":3}}},"3":{"name":"(anonymous_3)","decl":{"start":{"line":32,"column":2},"end":{"line":32,"column":7}},"loc":{"start":{"line":32,"column":50},"end":{"line":39,"column":3}}},"4":{"name":"(anonymous_4)","decl":{"start":{"line":41,"column":2},"end":{"line":41,"column":7}},"loc":{"start":{"line":41,"column":50},"end":{"line":48,"column":3}}}},"branchMap":{"0":{"loc":{"start":{"line":26,"column":6},"end":{"line":26,"column":93}},"type":"cond-expr","locations":[{"start":{"line":26,"column":17},"end":{"line":26,"column":35}},{"start":{"line":26,"column":38},"end":{"line":26,"column":93}}]}},"s":{"0":1,"1":1,"2":0,"3":0,"4":0,"5":0,"6":0,"7":0,"8":0,"9":0,"10":0,"11":0,"12":0,"13":0,"14":0,"15":0,"16":0,"17":0,"18":0,"19":0,"20":0,"21":0},"f":{"0":0,"1":0,"2":0,"3":0,"4":0},"b":{"0":[0,0]}}
,"/home/josec07/Free/light-post/backend-express/src/controllers/postController.ts": {"path":"/home/josec07/Free/light-post/backend-express/src/controllers/postController.ts","statementMap":{"0":{"start":{"line":3,"column":0},"end":{"line":3,"column":39}},"1":{"start":{"line":4,"column":0},"end":{"line":4,"column":82}},"2":{"start":{"line":6,"column":24},"end":{"line":36,"column":1}},"3":{"start":{"line":7,"column":2},"end":{"line":35,"column":3}},"4":{"start":{"line":13,"column":8},"end":{"line":13,"column":17}},"5":{"start":{"line":15,"column":19},"end":{"line":15,"column":53}},"6":{"start":{"line":17,"column":19},"end":{"line":22,"column":6}},"7":{"start":{"line":24,"column":4},"end":{"line":32,"column":8}},"8":{"start":{"line":34,"column":4},"end":{"line":34,"column":16}},"9":{"start":{"line":6,"column":13},"end":{"line":6,"column":24}},"10":{"start":{"line":38,"column":23},"end":{"line":48,"column":1}},"11":{"start":{"line":39,"column":2},"end":{"line":47,"column":3}},"12":{"start":{"line":40,"column":17},"end":{"line":40,"column":64}},"13":{"start":{"line":41,"column":4},"end":{"line":43,"column":5}},"14":{"start":{"line":42,"column":6},"end":{"line":42,"column":73}},"15":{"start":{"line":44,"column":4},"end":{"line":44,"column":42}},"16":{"start":{"line":46,"column":4},"end":{"line":46,"column":16}},"17":{"start":{"line":38,"column":13},"end":{"line":38,"column":23}},"18":{"start":{"line":50,"column":26},"end":{"line":72,"column":1}},"19":{"start":{"line":51,"column":2},"end":{"line":71,"column":3}},"20":{"start":{"line":52,"column":60},"end":{"line":52,"column":68}},"21":{"start":{"line":54,"column":4},"end":{"line":58,"column":5}},"22":{"start":{"line":55,"column":6},"end":{"line":57,"column":8}},"23":{"start":{"line":60,"column":17},"end":{"line":66,"column":6}},"24":{"start":{"line":68,"column":4},"end":{"line":68,"column":54}},"25":{"start":{"line":70,"column":4},"end":{"line":70,"column":16}},"26":{"start":{"line":50,"column":13},"end":{"line":50,"column":26}},"27":{"start":{"line":74,"column":26},"end":{"line":88,"column":1}},"28":{"start":{"line":75,"column":2},"end":{"line":87,"column":3}},"29":{"start":{"line":76,"column":19},"end":{"line":76,"column":40}},"30":{"start":{"line":77,"column":20},"end":{"line":77,"column":28}},"31":{"start":{"line":79,"column":17},"end":{"line":79,"column":56}},"32":{"start":{"line":80,"column":4},"end":{"line":82,"column":5}},"33":{"start":{"line":81,"column":6},"end":{"line":81,"column":73}},"34":{"start":{"line":84,"column":4},"end":{"line":84,"column":42}},"35":{"start":{"line":86,"column":4},"end":{"line":86,"column":16}},"36":{"start":{"line":74,"column":13},"end":{"line":74,"column":26}},"37":{"start":{"line":90,"column":26},"end":{"line":104,"column":1}},"38":{"start":{"line":91,"column":2},"end":{"line":103,"column":3}},"39":{"start":{"line":92,"column":19},"end":{"line":92,"column":40}},"40":{"start":{"line":93,"column":23},"end":{"line":93,"column":48}},"41":{"start":{"line":95,"column":20},"end":{"line":95,"column":63}},"42":{"start":{"line":96,"column":4},"end":{"line":98,"column":5}},"43":{"start":{"line":97,"column":6},"end":{"line":97,"column":73}},"44":{"start":{"line":100,"column":4},"end":{"line":100,"column":78}},"45":{"start":{"line":102,"column":4},"end":{"line":102,"column":16}},"46":{"start":{"line":90,"column":13},"end":{"line":90,"column":26}}},"fnMap":{"0":{"name":"(anonymous_1)","decl":{"start":{"line":6,"column":24},"end":{"line":6,"column":29}},"loc":{"start":{"line":6,"column":82},"end":{"line":36,"column":1}}},"1":{"name":"(anonymous_2)","decl":{"start":{"line":38,"column":23},"end":{"line":38,"column":28}},"loc":{"start":{"line":38,"column":81},"end":{"line":48,"column":1}}},"2":{"name":"(anonymous_3)","decl":{"start":{"line":50,"column":26},"end":{"line":50,"column":31}},"loc":{"start":{"line":50,"column":84},"end":{"line":72,"column":1}}},"3":{"name":"(anonymous_4)","decl":{"start":{"line":74,"column":26},"end":{"line":74,"column":31}},"loc":{"start":{"line":74,"column":84},"end":{"line":88,"column":1}}},"4":{"name":"(anonymous_5)","decl":{"start":{"line":90,"column":26},"end":{"line":90,"column":31}},"loc":{"start":{"line":90,"column":84},"end":{"line":104,"column":1}}}},"branchMap":{"0":{"loc":{"start":{"line":11,"column":6},"end":{"line":11,"column":14}},"type":"default-arg","locations":[{"start":{"line":11,"column":13},"end":{"line":11,"column":14}}]},"1":{"loc":{"start":{"line":12,"column":6},"end":{"line":12,"column":16}},"type":"default-arg","locations":[{"start":{"line":12,"column":14},"end":{"line":12,"column":16}}]},"2":{"loc":{"start":{"line":18,"column":19},"end":{"line":18,"column":62}},"type":"cond-expr","locations":[{"start":{"line":18,"column":32},"end":{"line":18,"column":50}},{"start":{"line":18,"column":53},"end":{"line":18,"column":62}}]},"3":{"loc":{"start":{"line":19,"column":12},"end":{"line":19,"column":66}},"type":"cond-expr","locations":[{"start":{"line":19,"column":39},"end":{"line":19,"column":54}},{"start":{"line":19,"column":57},"end":{"line":19,"column":66}}]},"4":{"loc":{"start":{"line":41,"column":4},"end":{"line":43,"column":5}},"type":"if","locations":[{"start":{"line":41,"column":4},"end":{"line":43,"column":5}}]},"5":{"loc":{"start":{"line":54,"column":4},"end":{"line":58,"column":5}},"type":"if","locations":[{"start":{"line":54,"column":4},"end":{"line":58,"column":5}}]},"6":{"loc":{"start":{"line":54,"column":8},"end":{"line":54,"column":42}},"type":"binary-expr","locations":[{"start":{"line":54,"column":8},"end":{"line":54,"column":14}},{"start":{"line":54,"column":18},"end":{"line":54,"column":26}},{"start":{"line":54,"column":30},"end":{"line":54,"column":42}}]},"7":{"loc":{"start":{"line":80,"column":4},"end":{"line":82,"column":5}},"type":"if","locations":[{"start":{"line":80,"column":4},"end":{"line":82,"column":5}}]},"8":{"loc":{"start":{"line":96,"column":4},"end":{"line":98,"column":5}},"type":"if","locations":[{"start":{"line":96,"column":4},"end":{"line":98,"column":5}}]}},"s":{"0":1,"1":1,"2":1,"3":0,"4":0,"5":0,"6":0,"7":0,"8":0,"9":1,"10":1,"11":0,"12":0,"13":0,"14":0,"15":0,"16":0,"17":1,"18":1,"19":0,"20":0,"21":0,"22":0,"23":0,"24":0,"25":0,"26":1,"27":1,"28":0,"29":0,"30":0,"31":0,"32":0,"33":0,"34":0,"35":0,"36":1,"37":1,"38":0,"39":0,"40":0,"41":0,"42":0,"43":0,"44":0,"45":0,"46":1},"f":{"0":0,"1":0,"2":0,"3":0,"4":0},"b":{"0":[0],"1":[0],"2":[0,0],"3":[0,0],"4":[0],"5":[0],"6":[0,0,0],"7":[0],"8":[0]}}
,"/home/josec07/Free/light-post/backend-express/src/middleware/errorHandler.ts": {"path":"/home/josec07/Free/light-post/backend-express/src/middleware/errorHandler.ts","statementMap":{"0":{"start":{"line":7,"column":28},"end":{"line":20,"column":1}},"1":{"start":{"line":13,"column":21},"end":{"line":13,"column":42}},"2":{"start":{"line":15,"column":2},"end":{"line":19,"column":5}},"3":{"start":{"line":7,"column":13},"end":{"line":7,"column":28}}},"fnMap":{"0":{"name":"(anonymous_0)","decl":{"start":{"line":7,"column":28},"end":{"line":7,"column":null}},"loc":{"start":{"line":12,"column":4},"end":{"line":20,"column":1}}}},"branchMap":{"0":{"loc":{"start":{"line":13,"column":21},"end":{"line":13,"column":42}},"type":"binary-expr","locations":[{"start":{"line":13,"column":21},"end":{"line":13,"column":35}},{"start":{"line":13,"column":39},"end":{"line":13,"column":42}}]},"1":{"loc":{"start":{"line":17,"column":11},"end":{"line":17,"column":49}},"type":"binary-expr","locations":[{"start":{"line":17,"column":11},"end":{"line":17,"column":22}},{"start":{"line":17,"column":26},"end":{"line":17,"column":49}}]},"2":{"loc":{"start":{"line":18,"column":11},"end":{"line":18,"column":73}},"type":"cond-expr","locations":[{"start":{"line":18,"column":52},"end":{"line":18,"column":61}},{"start":{"line":18,"column":64},"end":{"line":18,"column":73}}]}},"s":{"0":1,"1":0,"2":0,"3":1},"f":{"0":0},"b":{"0":[0,0],"1":[0,0],"2":[0,0]}}
,"/home/josec07/Free/light-post/backend-express/src/middleware/validation.ts": {"path":"/home/josec07/Free/light-post/backend-express/src/middleware/validation.ts","statementMap":{"0":{"start":{"line":3,"column":32},"end":{"line":8,"column":1}},"1":{"start":{"line":4,"column":2},"end":{"line":6,"column":3}},"2":{"start":{"line":5,"column":4},"end":{"line":5,"column":null}},"3":{"start":{"line":7,"column":2},"end":{"line":7,"column":null}},"4":{"start":{"line":3,"column":13},"end":{"line":3,"column":32}}},"fnMap":{"0":{"name":"(anonymous_0)","decl":{"start":{"line":3,"column":32},"end":{"line":3,"column":33}},"loc":{"start":{"line":3,"column":84},"end":{"line":8,"column":1}}}},"branchMap":{"0":{"loc":{"start":{"line":4,"column":2},"end":{"line":6,"column":3}},"type":"if","locations":[{"start":{"line":4,"column":2},"end":{"line":6,"column":3}}]},"1":{"loc":{"start":{"line":4,"column":6},"end":{"line":4,"column":51}},"type":"binary-expr","locations":[{"start":{"line":4,"column":6},"end":{"line":4,"column":20}},{"start":{"line":4,"column":24},"end":{"line":4,"column":51}}]}},"s":{"0":1,"1":0,"2":0,"3":0,"4":1},"f":{"0":0},"b":{"0":[0],"1":[0,0]}}
,"/home/josec07/Free/light-post/backend-express/src/models/BaseModel.ts": {"path":"/home/josec07/Free/light-post/backend-express/src/models/BaseModel.ts","statementMap":{"0":{"start":{"line":1,"column":0},"end":{"line":1,"column":38}},"1":{"start":{"line":8,"column":4},"end":{"line":8,"column":31}},"2":{"start":{"line":12,"column":19},"end":{"line":12,"column":39}},"3":{"start":{"line":13,"column":4},"end":{"line":17,"column":5}},"4":{"start":{"line":14,"column":6},"end":{"line":14,"column":50}},"5":{"start":{"line":16,"column":6},"end":{"line":16,"column":23}},"6":{"start":{"line":21,"column":18},"end":{"line":21,"column":65}},"7":{"start":{"line":22,"column":19},"end":{"line":22,"column":58}},"8":{"start":{"line":23,"column":4},"end":{"line":23,"column":34}},"9":{"start":{"line":27,"column":16},"end":{"line":27,"column":49}},"10":{"start":{"line":28,"column":26},"end":{"line":28,"column":28}},"11":{"start":{"line":30,"column":4},"end":{"line":36,"column":5}},"12":{"start":{"line":31,"column":27},"end":{"line":33,"column":8}},"13":{"start":{"line":32,"column":8},"end":{"line":32,"column":40}},"14":{"start":{"line":34,"column":6},"end":{"line":34,"column":54}},"15":{"start":{"line":35,"column":6},"end":{"line":35,"column":48}},"16":{"start":{"line":38,"column":19},"end":{"line":38,"column":60}},"17":{"start":{"line":39,"column":4},"end":{"line":39,"column":23}},"18":{"start":{"line":4,"column":0},"end":{"line":4,"column":21}}},"fnMap":{"0":{"name":"(anonymous_1)","decl":{"start":{"line":7,"column":2},"end":{"line":7,"column":14}},"loc":{"start":{"line":7,"column":31},"end":{"line":9,"column":3}}},"1":{"name":"(anonymous_2)","decl":{"start":{"line":11,"column":12},"end":{"line":11,"column":17}},"loc":{"start":{"line":11,"column":86},"end":{"line":18,"column":3}}},"2":{"name":"(anonymous_3)","decl":{"start":{"line":20,"column":2},"end":{"line":20,"column":7}},"loc":{"start":{"line":20,"column":53},"end":{"line":24,"column":3}}},"3":{"name":"(anonymous_4)","decl":{"start":{"line":26,"column":2},"end":{"line":26,"column":7}},"loc":{"start":{"line":26,"column":74},"end":{"line":40,"column":3}}},"4":{"name":"(anonymous_5)","decl":{"start":{"line":31,"column":58},"end":{"line":31,"column":59}},"loc":{"start":{"line":31,"column":78},"end":{"line":33,"column":7}}}},"branchMap":{"0":{"loc":{"start":{"line":23,"column":11},"end":{"line":23,"column":33}},"type":"binary-expr","locations":[{"start":{"line":23,"column":11},"end":{"line":23,"column":25}},{"start":{"line":23,"column":29},"end":{"line":23,"column":33}}]},"1":{"loc":{"start":{"line":30,"column":4},"end":{"line":36,"column":5}},"type":"if","locations":[{"start":{"line":30,"column":4},"end":{"line":36,"column":5}}]},"2":{"loc":{"start":{"line":30,"column":8},"end":{"line":30,"column":56}},"type":"binary-expr","locations":[{"start":{"line":30,"column":8},"end":{"line":30,"column":18}},{"start":{"line":30,"column":22},"end":{"line":30,"column":56}}]}},"s":{"0":1,"1":1,"2":0,"3":0,"4":0,"5":0,"6":0,"7":0,"8":0,"9":0,"10":0,"11":0,"12":0,"13":0,"14":0,"15":0,"16":0,"17":0,"18":1},"f":{"0":1,"1":0,"2":0,"3":0,"4":0},"b":{"0":[0,0],"1":[0],"2":[0,0]}}
,"/home/josec07/Free/light-post/backend-express/src/models/Category.ts": {"path":"/home/josec07/Free/light-post/backend-express/src/models/Category.ts","statementMap":{"0":{"start":{"line":2,"column":0},"end":{"line":2,"column":37}},"1":{"start":{"line":11,"column":13},"end":{"line":46,"column":null}},"2":{"start":{"line":13,"column":42},"end":{"line":14,"column":null}},"3":{"start":{"line":16,"column":4},"end":{"line":16,"column":null}},"4":{"start":{"line":20,"column":42},"end":{"line":22,"column":null}},"5":{"start":{"line":24,"column":4},"end":{"line":24,"column":null}},"6":{"start":{"line":28,"column":42},"end":{"line":30,"column":null}},"7":{"start":{"line":32,"column":4},"end":{"line":32,"column":null}},"8":{"start":{"line":36,"column":42},"end":{"line":38,"column":null}},"9":{"start":{"line":40,"column":4},"end":{"line":40,"column":null}},"10":{"start":{"line":44,"column":4},"end":{"line":44,"column":null}}},"fnMap":{"0":{"name":"(anonymous_1)","decl":{"start":{"line":12,"column":2},"end":{"line":12,"column":7}},"loc":{"start":{"line":12,"column":15},"end":{"line":17,"column":3}}},"1":{"name":"(anonymous_2)","decl":{"start":{"line":19,"column":2},"end":{"line":19,"column":7}},"loc":{"start":{"line":19,"column":27},"end":{"line":25,"column":3}}},"2":{"name":"(anonymous_3)","decl":{"start":{"line":27,"column":2},"end":{"line":27,"column":7}},"loc":{"start":{"line":27,"column":27},"end":{"line":33,"column":3}}},"3":{"name":"(anonymous_4)","decl":{"start":{"line":35,"column":2},"end":{"line":35,"column":7}},"loc":{"start":{"line":35,"column":39},"end":{"line":41,"column":3}}},"4":{"name":"(anonymous_5)","decl":{"start":{"line":43,"column":2},"end":{"line":43,"column":7}},"loc":{"start":{"line":43,"column":25},"end":{"line":45,"column":3}}}},"branchMap":{"0":{"loc":{"start":{"line":24,"column":11},"end":{"line":24,"column":33}},"type":"binary-expr","locations":[{"start":{"line":24,"column":11},"end":{"line":24,"column":25}},{"start":{"line":24,"column":29},"end":{"line":24,"column":33}}]}},"s":{"0":1,"1":1,"2":0,"3":0,"4":0,"5":0,"6":0,"7":0,"8":0,"9":0,"10":0},"f":{"0":0,"1":0,"2":0,"3":0,"4":0},"b":{"0":[0,0]}}
,"/home/josec07/Free/light-post/backend-express/src/models/Post.ts": {"path":"/home/josec07/Free/light-post/backend-express/src/models/Post.ts","statementMap":{"0":{"start":{"line":1,"column":0},"end":{"line":1,"column":36}},"1":{"start":{"line":18,"column":4},"end":{"line":18,"column":19}},"2":{"start":{"line":22,"column":18},"end":{"line":26,"column":6}},"3":{"start":{"line":27,"column":19},"end":{"line":29,"column":null}},"4":{"start":{"line":31,"column":4},"end":{"line":31,"column":26}},"5":{"start":{"line":35,"column":30},"end":{"line":35,"column":32}},"6":{"start":{"line":36,"column":26},"end":{"line":36,"column":28}},"7":{"start":{"line":37,"column":21},"end":{"line":37,"column":22}},"8":{"start":{"line":40,"column":4},"end":{"line":46,"column":7}},"9":{"start":{"line":41,"column":6},"end":{"line":45,"column":7}},"10":{"start":{"line":42,"column":8},"end":{"line":42,"column":48}},"11":{"start":{"line":43,"column":8},"end":{"line":43,"column":27}},"12":{"start":{"line":44,"column":8},"end":{"line":44,"column":21}},"13":{"start":{"line":48,"column":4},"end":{"line":48,"column":42}},"14":{"start":{"line":48,"column":30},"end":{"line":48,"column":42}},"15":{"start":{"line":50,"column":4},"end":{"line":50,"column":20}},"16":{"start":{"line":51,"column":18},"end":{"line":56,"column":6}},"17":{"start":{"line":58,"column":19},"end":{"line":58,"column":63}},"18":{"start":{"line":59,"column":4},"end":{"line":59,"column":34}},"19":{"start":{"line":63,"column":4},"end":{"line":76,"column":5}},"20":{"start":{"line":64,"column":20},"end":{"line":69,"column":8}},"21":{"start":{"line":70,"column":21},"end":{"line":70,"column":73}},"22":{"start":{"line":71,"column":6},"end":{"line":71,"column":40}},"23":{"start":{"line":73,"column":20},"end":{"line":73,"column":66}},"24":{"start":{"line":74,"column":21},"end":{"line":74,"column":73}},"25":{"start":{"line":75,"column":6},"end":{"line":75,"column":40}},"26":{"start":{"line":86,"column":33},"end":{"line":86,"column":56}},"27":{"start":{"line":87,"column":26},"end":{"line":87,"column":28}},"28":{"start":{"line":88,"column":21},"end":{"line":88,"column":22}},"29":{"start":{"line":90,"column":4},"end":{"line":94,"column":5}},"30":{"start":{"line":91,"column":6},"end":{"line":91,"column":54}},"31":{"start":{"line":92,"column":6},"end":{"line":92,"column":39}},"32":{"start":{"line":93,"column":6},"end":{"line":93,"column":19}},"33":{"start":{"line":96,"column":4},"end":{"line":100,"column":5}},"34":{"start":{"line":97,"column":6},"end":{"line":97,"column":48}},"35":{"start":{"line":98,"column":6},"end":{"line":98,"column":32}},"36":{"start":{"line":99,"column":6},"end":{"line":99,"column":19}},"37":{"start":{"line":102,"column":23},"end":{"line":106,"column":6}},"38":{"start":{"line":108,"column":18},"end":{"line":115,"column":6}},"39":{"start":{"line":117,"column":4},"end":{"line":117,"column":58}},"40":{"start":{"line":119,"column":39},"end":{"line":122,"column":6}},"41":{"start":{"line":124,"column":4},"end":{"line":127,"column":6}},"42":{"start":{"line":131,"column":18},"end":{"line":137,"column":6}},"43":{"start":{"line":138,"column":19},"end":{"line":138,"column":69}},"44":{"start":{"line":139,"column":4},"end":{"line":139,"column":23}},"45":{"start":{"line":143,"column":18},"end":{"line":148,"column":6}},"46":{"start":{"line":149,"column":19},"end":{"line":149,"column":81}},"47":{"start":{"line":150,"column":4},"end":{"line":150,"column":26}},"48":{"start":{"line":154,"column":18},"end":{"line":159,"column":6}},"49":{"start":{"line":160,"column":19},"end":{"line":160,"column":61}},"50":{"start":{"line":161,"column":4},"end":{"line":161,"column":34}},"51":{"start":{"line":16,"column":0},"end":{"line":16,"column":13}},"52":{"start":{"line":165,"column":0},"end":{"line":165,"column":31}}},"fnMap":{"0":{"name":"(anonymous_1)","decl":{"start":{"line":17,"column":2},"end":{"line":17,"column":null}},"loc":{"start":{"line":17,"column":2},"end":{"line":19,"column":3}}},"1":{"name":"(anonymous_2)","decl":{"start":{"line":21,"column":2},"end":{"line":21,"column":7}},"loc":{"start":{"line":21,"column":35},"end":{"line":32,"column":3}}},"2":{"name":"(anonymous_3)","decl":{"start":{"line":34,"column":2},"end":{"line":34,"column":7}},"loc":{"start":{"line":34,"column":47},"end":{"line":60,"column":3}}},"3":{"name":"(anonymous_4)","decl":{"start":{"line":40,"column":33},"end":{"line":40,"column":34}},"loc":{"start":{"line":40,"column":50},"end":{"line":46,"column":5}}},"4":{"name":"(anonymous_5)","decl":{"start":{"line":62,"column":2},"end":{"line":62,"column":7}},"loc":{"start":{"line":62,"column":47},"end":{"line":77,"column":3}}},"5":{"name":"(anonymous_6)","decl":{"start":{"line":79,"column":2},"end":{"line":79,"column":7}},"loc":{"start":{"line":85,"column":8},"end":{"line":128,"column":3}}},"6":{"name":"(anonymous_7)","decl":{"start":{"line":130,"column":2},"end":{"line":130,"column":7}},"loc":{"start":{"line":130,"column":41},"end":{"line":140,"column":3}}},"7":{"name":"(anonymous_8)","decl":{"start":{"line":142,"column":2},"end":{"line":142,"column":7}},"loc":{"start":{"line":142,"column":66},"end":{"line":151,"column":3}}},"8":{"name":"(anonymous_9)","decl":{"start":{"line":153,"column":2},"end":{"line":153,"column":7}},"loc":{"start":{"line":153,"column":39},"end":{"line":162,"column":3}}}},"branchMap":{"0":{"loc":{"start":{"line":41,"column":6},"end":{"line":45,"column":7}},"type":"if","locations":[{"start":{"line":41,"column":6},"end":{"line":45,"column":7}}]},"1":{"loc":{"start":{"line":48,"column":4},"end":{"line":48,"column":42}},"type":"if","locations":[{"start":{"line":48,"column":4},"end":{"line":48,"column":42}}]},"2":{"loc":{"start":{"line":59,"column":11},"end":{"line":59,"column":33}},"type":"binary-expr","locations":[{"start":{"line":59,"column":11},"end":{"line":59,"column":25}},{"start":{"line":59,"column":29},"end":{"line":59,"column":33}}]},"3":{"loc":{"start":{"line":62,"column":27},"end":{"line":62,"column":47}},"type":"default-arg","locations":[{"start":{"line":62,"column":43},"end":{"line":62,"column":47}}]},"4":{"loc":{"start":{"line":63,"column":4},"end":{"line":76,"column":5}},"type":"if","locations":[{"start":{"line":63,"column":4},"end":{"line":76,"column":5}},{"start":{"line":72,"column":11},"end":{"line":76,"column":5}}]},"5":{"loc":{"start":{"line":71,"column":14},"end":{"line":71,"column":34}},"type":"binary-expr","locations":[{"start":{"line":71,"column":14},"end":{"line":71,"column":29}},{"start":{"line":71,"column":33},"end":{"line":71,"column":34}}]},"6":{"loc":{"start":{"line":75,"column":14},"end":{"line":75,"column":34}},"type":"binary-expr","locations":[{"start":{"line":75,"column":14},"end":{"line":75,"column":29}},{"start":{"line":75,"column":33},"end":{"line":75,"column":34}}]},"7":{"loc":{"start":{"line":79,"column":27},"end":{"line":85,"column":8}},"type":"default-arg","locations":[{"start":{"line":85,"column":6},"end":{"line":85,"column":8}}]},"8":{"loc":{"start":{"line":90,"column":4},"end":{"line":94,"column":5}},"type":"if","locations":[{"start":{"line":90,"column":4},"end":{"line":94,"column":5}}]},"9":{"loc":{"start":{"line":96,"column":4},"end":{"line":100,"column":5}},"type":"if","locations":[{"start":{"line":96,"column":4},"end":{"line":100,"column":5}}]},"10":{"loc":{"start":{"line":96,"column":8},"end":{"line":96,"column":47}},"type":"binary-expr","locations":[{"start":{"line":96,"column":8},"end":{"line":96,"column":20}},{"start":{"line":96,"column":24},"end":{"line":96,"column":47}}]},"11":{"loc":{"start":{"line":117,"column":16},"end":{"line":117,"column":35}},"type":"binary-expr","locations":[{"start":{"line":117,"column":16},"end":{"line":117,"column":29}},{"start":{"line":117,"column":33},"end":{"line":117,"column":35}}]},"12":{"loc":{"start":{"line":117,"column":37},"end":{"line":117,"column":56}},"type":"binary-expr","locations":[{"start":{"line":117,"column":37},"end":{"line":117,"column":51}},{"start":{"line":117,"column":55},"end":{"line":117,"column":56}}]},"13":{"loc":{"start":{"line":161,"column":11},"end":{"line":161,"column":33}},"type":"binary-expr","locations":[{"start":{"line":161,"column":11},"end":{"line":161,"column":25}},{"start":{"line":161,"column":29},"end":{"line":161,"column":33}}]}},"s":{"0":1,"1":1,"2":0,"3":0,"4":0,"5":0,"6":0,"7":0,"8":0,"9":0,"10":0,"11":0,"12":0,"13":0,"14":0,"15":0,"16":0,"17":0,"18":0,"19":0,"20":0,"21":0,"22":0,"23":0,"24":0,"25":0,"26":0,"27":0,"28":0,"29":0,"30":0,"31":0,"32":0,"33":0,"34":0,"35":0,"36":0,"37":0,"38":0,"39":0,"40":0,"41":0,"42":0,"43":0,"44":0,"45":0,"46":0,"47":0,"48":0,"49":0,"50":0,"51":1,"52":1},"f":{"0":1,"1":0,"2":0,"3":0,"4":0,"5":0,"6":0,"7":0,"8":0},"b":{"0":[0],"1":[0],"2":[0,0],"3":[0],"4":[0,0],"5":[0,0],"6":[0,0],"7":[0],"8":[0],"9":[0],"10":[0,0],"11":[0,0],"12":[0,0],"13":[0,0]}}
,"/home/josec07/Free/light-post/backend-express/src/routes/categoryRoutes.ts": {"path":"/home/josec07/Free/light-post/backend-express/src/routes/categoryRoutes.ts","statementMap":{"0":{"start":{"line":1,"column":0},"end":{"line":1,"column":29}},"1":{"start":{"line":2,"column":0},"end":{"line":2,"column":70}},"2":{"start":{"line":3,"column":0},"end":{"line":3,"column":59}},"3":{"start":{"line":5,"column":15},"end":{"line":5,"column":31}},"4":{"start":{"line":7,"column":0},"end":{"line":7,"column":null}},"5":{"start":{"line":8,"column":0},"end":{"line":8,"column":null}},"6":{"start":{"line":9,"column":0},"end":{"line":9,"column":null}},"7":{"start":{"line":10,"column":0},"end":{"line":10,"column":null}},"8":{"start":{"line":11,"column":0},"end":{"line":11,"column":null}},"9":{"start":{"line":13,"column":0},"end":{"line":13,"column":null}}},"fnMap":{},"branchMap":{},"s":{"0":1,"1":1,"2":1,"3":1,"4":1,"5":1,"6":1,"7":1,"8":1,"9":1},"f":{},"b":{}}
,"/home/josec07/Free/light-post/backend-express/src/routes/postRoutes.ts": {"path":"/home/josec07/Free/light-post/backend-express/src/routes/postRoutes.ts","statementMap":{"0":{"start":{"line":1,"column":0},"end":{"line":1,"column":33}},"1":{"start":{"line":2,"column":0},"end":{"line":2,"column":null}},"2":{"start":{"line":10,"column":15},"end":{"line":10,"column":23}},"3":{"start":{"line":13,"column":0},"end":{"line":13,"column":26}},"4":{"start":{"line":16,"column":0},"end":{"line":16,"column":28}},"5":{"start":{"line":19,"column":0},"end":{"line":19,"column":29}},"6":{"start":{"line":22,"column":0},"end":{"line":22,"column":31}},"7":{"start":{"line":25,"column":0},"end":{"line":25,"column":34}},"8":{"start":{"line":27,"column":0},"end":{"line":27,"column":22}}},"fnMap":{},"branchMap":{},"s":{"0":1,"1":1,"2":1,"3":1,"4":1,"5":1,"6":1,"7":1,"8":1},"f":{},"b":{}}
,"/home/josec07/Free/light-post/backend-express/src/utils/apiResponse.ts": {"path":"/home/josec07/Free/light-post/backend-express/src/utils/apiResponse.ts","statementMap":{"0":{"start":{"line":3,"column":37},"end":{"line":6,"column":2}},"1":{"start":{"line":3,"column":70},"end":{"line":6,"column":2}},"2":{"start":{"line":3,"column":13},"end":{"line":3,"column":37}},"3":{"start":{"line":8,"column":35},"end":{"line":11,"column":2}},"4":{"start":{"line":8,"column":75},"end":{"line":11,"column":2}},"5":{"start":{"line":8,"column":13},"end":{"line":8,"column":35}}},"fnMap":{"0":{"name":"(anonymous_0)","decl":{"start":{"line":3,"column":37},"end":{"line":3,"column":41}},"loc":{"start":{"line":3,"column":70},"end":{"line":6,"column":2}}},"1":{"name":"(anonymous_1)","decl":{"start":{"line":8,"column":35},"end":{"line":8,"column":36}},"loc":{"start":{"line":8,"column":75},"end":{"line":11,"column":2}}}},"branchMap":{},"s":{"0":1,"1":0,"2":1,"3":1,"4":0,"5":1},"f":{"0":0,"1":0},"b":{}}
}
